
ROM used:   273/8192 (3%)
            273/8192 (3%) including unused fragments

            0.3 Average locations per line
            3.1 Average locations per statement

RAM used:   9/368 (2%) at main() level
            11/368 (3%) worst case

Stack used: 0 worst case (0 in main + 0 for interrupts)
Stack size: 8

Lines Stmts  %   Files
----- ----- ---  -----
  138    89 100  main.c
  661     0   0  ..\..\..\..\..\..\..\Program Files (x86)\PICC\Devices\16f877A.h
----- -----
  799    89 Total

Page ROM  %  RAM   Vol Diff  Functions:
---- --- --- ---   --- ----  ----------
0     21   8    1             @delay_ms1
0     14   5    0             @const622
0    213  78    1  2752  7.4  main
0     21   8    3             @DIV88
 Inline         0             @cinit1

Program metrics:
    Functions               1
    Statements              89
    Comments                119
    Volume (V)              2763
    Difficulty (D)          7.2
    Effort to implement (E) 20012
    Time to implement (T)   19 minutes
    Est Delivered Bugs (B)  0
    Cyclomatic Complexity   7
    Maintainability (MI)    9

 Segment     Used  Free
-----------  ----  ----
00000-00003     4  0  
00004-007FF   269  1775  
00800-00FFF     0  2048  
01000-017FF     0  2048  
01800-01FFF     0  2048  



